2025-10-01 08:48:35.034  INFO 19848 --- [main] b.c.t.AtendimentosapiApplicationTests    : Starting AtendimentosapiApplicationTests using Java 11.0.10 on DESKTOP-HLR4AN3 with PID 19848 (started by tonyp in C:\Users\tonyp\OneDrive\Documentos\curso_java\workspace\atendimentosapi)
2025-10-01 08:48:35.048  INFO 19848 --- [main] b.c.t.AtendimentosapiApplicationTests    : No active profile set, falling back to 1 default profile: "default"
2025-10-01 08:48:36.792  INFO 19848 --- [main] .s.d.r.c.RepositoryConfigurationDelegate : Bootstrapping Spring Data JPA repositories in DEFAULT mode.
2025-10-01 08:48:36.913  INFO 19848 --- [main] .s.d.r.c.RepositoryConfigurationDelegate : Finished Spring Data repository scanning in 109 ms. Found 6 JPA repository interfaces.
2025-10-01 08:48:38.598  INFO 19848 --- [main] o.hibernate.jpa.internal.util.LogHelper  : HHH000204: Processing PersistenceUnitInfo [name: default]
2025-10-01 08:48:38.745  INFO 19848 --- [main] org.hibernate.Version                    : HHH000412: Hibernate ORM core version 5.6.9.Final
2025-10-01 08:48:39.194  INFO 19848 --- [main] o.hibernate.annotations.common.Version   : HCANN000001: Hibernate Commons Annotations {5.1.2.Final}
2025-10-01 08:48:40.212  INFO 19848 --- [main] com.zaxxer.hikari.HikariDataSource       : HikariPool-1 - Starting...
2025-10-01 08:48:40.639  INFO 19848 --- [main] com.zaxxer.hikari.HikariDataSource       : HikariPool-1 - Start completed.
2025-10-01 08:48:40.681  INFO 19848 --- [main] org.hibernate.dialect.Dialect            : HHH000400: Using dialect: org.hibernate.dialect.PostgreSQLDialect
2025-10-01 08:48:42.291  INFO 19848 --- [main] o.h.e.t.j.p.i.JtaPlatformInitiator       : HHH000490: Using JtaPlatform implementation: [org.hibernate.engine.transaction.jta.platform.internal.NoJtaPlatform]
2025-10-01 08:48:42.303  INFO 19848 --- [main] j.LocalContainerEntityManagerFactoryBean : Initialized JPA EntityManagerFactory for persistence unit 'default'
2025-10-01 08:48:42.381  WARN 19848 --- [main] JpaBaseConfiguration$JpaWebConfiguration : spring.jpa.open-in-view is enabled by default. Therefore, database queries may be performed during view rendering. Explicitly configure spring.jpa.open-in-view to disable this warning
2025-10-01 08:48:44.673  WARN 19848 --- [main] .s.s.UserDetailsServiceAutoConfiguration : 

Using generated security password: 810dcf18-df48-498b-b631-a1c8876dcbd0

This generated password is for development use only. Your security configuration must be updated before running your application in production.

2025-10-01 08:48:44.912  WARN 19848 --- [main] o.s.s.c.a.web.builders.WebSecurity       : You are asking Spring Security to ignore Ant [pattern='/v2/api-docs']. This is not recommended -- please use permitAll via HttpSecurity#authorizeHttpRequests instead.
2025-10-01 08:48:44.920  INFO 19848 --- [main] o.s.s.web.DefaultSecurityFilterChain     : Will not secure Ant [pattern='/v2/api-docs']
2025-10-01 08:48:44.923  WARN 19848 --- [main] o.s.s.c.a.web.builders.WebSecurity       : You are asking Spring Security to ignore Ant [pattern='/swagger-resources']. This is not recommended -- please use permitAll via HttpSecurity#authorizeHttpRequests instead.
2025-10-01 08:48:44.924  INFO 19848 --- [main] o.s.s.web.DefaultSecurityFilterChain     : Will not secure Ant [pattern='/swagger-resources']
2025-10-01 08:48:44.924  WARN 19848 --- [main] o.s.s.c.a.web.builders.WebSecurity       : You are asking Spring Security to ignore Ant [pattern='/swagger-resources/**']. This is not recommended -- please use permitAll via HttpSecurity#authorizeHttpRequests instead.
2025-10-01 08:48:44.926  INFO 19848 --- [main] o.s.s.web.DefaultSecurityFilterChain     : Will not secure Ant [pattern='/swagger-resources/**']
2025-10-01 08:48:44.926  WARN 19848 --- [main] o.s.s.c.a.web.builders.WebSecurity       : You are asking Spring Security to ignore Ant [pattern='/configuration/ui']. This is not recommended -- please use permitAll via HttpSecurity#authorizeHttpRequests instead.
2025-10-01 08:48:44.927  INFO 19848 --- [main] o.s.s.web.DefaultSecurityFilterChain     : Will not secure Ant [pattern='/configuration/ui']
2025-10-01 08:48:44.928  WARN 19848 --- [main] o.s.s.c.a.web.builders.WebSecurity       : You are asking Spring Security to ignore Ant [pattern='/configuration/security']. This is not recommended -- please use permitAll via HttpSecurity#authorizeHttpRequests instead.
2025-10-01 08:48:44.931  INFO 19848 --- [main] o.s.s.web.DefaultSecurityFilterChain     : Will not secure Ant [pattern='/configuration/security']
2025-10-01 08:48:44.936  WARN 19848 --- [main] o.s.s.c.a.web.builders.WebSecurity       : You are asking Spring Security to ignore Ant [pattern='/swagger-ui.html']. This is not recommended -- please use permitAll via HttpSecurity#authorizeHttpRequests instead.
2025-10-01 08:48:44.937  INFO 19848 --- [main] o.s.s.web.DefaultSecurityFilterChain     : Will not secure Ant [pattern='/swagger-ui.html']
2025-10-01 08:48:44.938  WARN 19848 --- [main] o.s.s.c.a.web.builders.WebSecurity       : You are asking Spring Security to ignore Ant [pattern='/webjars/**']. This is not recommended -- please use permitAll via HttpSecurity#authorizeHttpRequests instead.
2025-10-01 08:48:44.938  INFO 19848 --- [main] o.s.s.web.DefaultSecurityFilterChain     : Will not secure Ant [pattern='/webjars/**']
2025-10-01 08:48:44.938  WARN 19848 --- [main] o.s.s.c.a.web.builders.WebSecurity       : You are asking Spring Security to ignore Ant [pattern='/v3/api-docs/**']. This is not recommended -- please use permitAll via HttpSecurity#authorizeHttpRequests instead.
2025-10-01 08:48:44.938  INFO 19848 --- [main] o.s.s.web.DefaultSecurityFilterChain     : Will not secure Ant [pattern='/v3/api-docs/**']
2025-10-01 08:48:44.938  WARN 19848 --- [main] o.s.s.c.a.web.builders.WebSecurity       : You are asking Spring Security to ignore Ant [pattern='/swagger-ui/**']. This is not recommended -- please use permitAll via HttpSecurity#authorizeHttpRequests instead.
2025-10-01 08:48:44.939  INFO 19848 --- [main] o.s.s.web.DefaultSecurityFilterChain     : Will not secure Ant [pattern='/swagger-ui/**']
2025-10-01 08:48:45.219  INFO 19848 --- [main] o.s.s.web.DefaultSecurityFilterChain     : Will secure any request with [org.springframework.security.web.session.DisableEncodeUrlFilter@4fbed6fc, org.springframework.security.web.context.request.async.WebAsyncManagerIntegrationFilter@1b1d93e9, org.springframework.security.web.context.SecurityContextPersistenceFilter@6421bc7e, org.springframework.security.web.header.HeaderWriterFilter@5e3a5f0c, org.springframework.security.web.authentication.logout.LogoutFilter@2e243122, br.com.tonypool.security.JwtSecurity@129b0ed, org.springframework.security.web.savedrequest.RequestCacheAwareFilter@6908674b, org.springframework.security.web.servletapi.SecurityContextHolderAwareRequestFilter@565983f3, org.springframework.security.web.authentication.AnonymousAuthenticationFilter@4ccf1d3e, org.springframework.security.web.session.SessionManagementFilter@4df54c1, org.springframework.security.web.access.ExceptionTranslationFilter@4917992b, org.springframework.security.web.access.intercept.FilterSecurityInterceptor@15ade272]
2025-10-01 08:48:47.730  INFO 19848 --- [main] b.c.t.AtendimentosapiApplicationTests    : Started AtendimentosapiApplicationTests in 13.291 seconds (JVM running for 14.441)
2025-10-01 08:48:48.689  INFO 19848 --- [SpringApplicationShutdownHook] j.LocalContainerEntityManagerFactoryBean : Closing JPA EntityManagerFactory for persistence unit 'default'
2025-10-01 08:48:48.703  INFO 19848 --- [SpringApplicationShutdownHook] com.zaxxer.hikari.HikariDataSource       : HikariPool-1 - Shutdown initiated...
2025-10-01 08:48:48.721  INFO 19848 --- [SpringApplicationShutdownHook] com.zaxxer.hikari.HikariDataSource       : HikariPool-1 - Shutdown completed.
2025-10-01 09:42:30.495  INFO 9672 --- [main] b.c.t.AtendimentosapiApplicationTests    : Starting AtendimentosapiApplicationTests using Java 17.0.12 on DESKTOP-HLR4AN3 with PID 9672 (started by tonyp in C:\Users\tonyp\OneDrive\Documentos\curso_java\workspace\atendimentosapi)
2025-10-01 09:42:30.499  INFO 9672 --- [main] b.c.t.AtendimentosapiApplicationTests    : No active profile set, falling back to 1 default profile: "default"
2025-10-01 09:42:32.922  INFO 9672 --- [main] .s.d.r.c.RepositoryConfigurationDelegate : Bootstrapping Spring Data JPA repositories in DEFAULT mode.
2025-10-01 09:42:33.127  INFO 9672 --- [main] .s.d.r.c.RepositoryConfigurationDelegate : Finished Spring Data repository scanning in 181 ms. Found 6 JPA repository interfaces.
2025-10-01 09:42:34.977  INFO 9672 --- [main] o.hibernate.jpa.internal.util.LogHelper  : HHH000204: Processing PersistenceUnitInfo [name: default]
2025-10-01 09:42:35.212  INFO 9672 --- [main] org.hibernate.Version                    : HHH000412: Hibernate ORM core version 5.6.9.Final
2025-10-01 09:42:35.643  INFO 9672 --- [main] o.hibernate.annotations.common.Version   : HCANN000001: Hibernate Commons Annotations {5.1.2.Final}
2025-10-01 09:42:36.217  INFO 9672 --- [main] com.zaxxer.hikari.HikariDataSource       : HikariPool-1 - Starting...
2025-10-01 09:42:36.773  INFO 9672 --- [main] com.zaxxer.hikari.HikariDataSource       : HikariPool-1 - Start completed.
2025-10-01 09:42:36.824  INFO 9672 --- [main] org.hibernate.dialect.Dialect            : HHH000400: Using dialect: org.hibernate.dialect.PostgreSQLDialect
2025-10-01 09:42:38.828  INFO 9672 --- [main] o.h.e.t.j.p.i.JtaPlatformInitiator       : HHH000490: Using JtaPlatform implementation: [org.hibernate.engine.transaction.jta.platform.internal.NoJtaPlatform]
2025-10-01 09:42:38.843  INFO 9672 --- [main] j.LocalContainerEntityManagerFactoryBean : Initialized JPA EntityManagerFactory for persistence unit 'default'
2025-10-01 09:42:38.974  WARN 9672 --- [main] JpaBaseConfiguration$JpaWebConfiguration : spring.jpa.open-in-view is enabled by default. Therefore, database queries may be performed during view rendering. Explicitly configure spring.jpa.open-in-view to disable this warning
2025-10-01 09:42:41.780  WARN 9672 --- [main] .s.s.UserDetailsServiceAutoConfiguration : 

Using generated security password: 10281d2e-90e0-4452-bd74-8bd3571d155c

This generated password is for development use only. Your security configuration must be updated before running your application in production.

2025-10-01 09:42:41.989  WARN 9672 --- [main] o.s.s.c.a.web.builders.WebSecurity       : You are asking Spring Security to ignore Ant [pattern='/v2/api-docs']. This is not recommended -- please use permitAll via HttpSecurity#authorizeHttpRequests instead.
2025-10-01 09:42:41.992  INFO 9672 --- [main] o.s.s.web.DefaultSecurityFilterChain     : Will not secure Ant [pattern='/v2/api-docs']
2025-10-01 09:42:41.994  WARN 9672 --- [main] o.s.s.c.a.web.builders.WebSecurity       : You are asking Spring Security to ignore Ant [pattern='/swagger-resources']. This is not recommended -- please use permitAll via HttpSecurity#authorizeHttpRequests instead.
2025-10-01 09:42:41.994  INFO 9672 --- [main] o.s.s.web.DefaultSecurityFilterChain     : Will not secure Ant [pattern='/swagger-resources']
2025-10-01 09:42:41.995  WARN 9672 --- [main] o.s.s.c.a.web.builders.WebSecurity       : You are asking Spring Security to ignore Ant [pattern='/swagger-resources/**']. This is not recommended -- please use permitAll via HttpSecurity#authorizeHttpRequests instead.
2025-10-01 09:42:41.996  INFO 9672 --- [main] o.s.s.web.DefaultSecurityFilterChain     : Will not secure Ant [pattern='/swagger-resources/**']
2025-10-01 09:42:41.997  WARN 9672 --- [main] o.s.s.c.a.web.builders.WebSecurity       : You are asking Spring Security to ignore Ant [pattern='/configuration/ui']. This is not recommended -- please use permitAll via HttpSecurity#authorizeHttpRequests instead.
2025-10-01 09:42:41.997  INFO 9672 --- [main] o.s.s.web.DefaultSecurityFilterChain     : Will not secure Ant [pattern='/configuration/ui']
2025-10-01 09:42:41.998  WARN 9672 --- [main] o.s.s.c.a.web.builders.WebSecurity       : You are asking Spring Security to ignore Ant [pattern='/configuration/security']. This is not recommended -- please use permitAll via HttpSecurity#authorizeHttpRequests instead.
2025-10-01 09:42:41.999  INFO 9672 --- [main] o.s.s.web.DefaultSecurityFilterChain     : Will not secure Ant [pattern='/configuration/security']
2025-10-01 09:42:41.999  WARN 9672 --- [main] o.s.s.c.a.web.builders.WebSecurity       : You are asking Spring Security to ignore Ant [pattern='/swagger-ui.html']. This is not recommended -- please use permitAll via HttpSecurity#authorizeHttpRequests instead.
2025-10-01 09:42:42.000  INFO 9672 --- [main] o.s.s.web.DefaultSecurityFilterChain     : Will not secure Ant [pattern='/swagger-ui.html']
2025-10-01 09:42:42.000  WARN 9672 --- [main] o.s.s.c.a.web.builders.WebSecurity       : You are asking Spring Security to ignore Ant [pattern='/webjars/**']. This is not recommended -- please use permitAll via HttpSecurity#authorizeHttpRequests instead.
2025-10-01 09:42:42.000  INFO 9672 --- [main] o.s.s.web.DefaultSecurityFilterChain     : Will not secure Ant [pattern='/webjars/**']
2025-10-01 09:42:42.000  WARN 9672 --- [main] o.s.s.c.a.web.builders.WebSecurity       : You are asking Spring Security to ignore Ant [pattern='/v3/api-docs/**']. This is not recommended -- please use permitAll via HttpSecurity#authorizeHttpRequests instead.
2025-10-01 09:42:42.001  INFO 9672 --- [main] o.s.s.web.DefaultSecurityFilterChain     : Will not secure Ant [pattern='/v3/api-docs/**']
2025-10-01 09:42:42.001  WARN 9672 --- [main] o.s.s.c.a.web.builders.WebSecurity       : You are asking Spring Security to ignore Ant [pattern='/swagger-ui/**']. This is not recommended -- please use permitAll via HttpSecurity#authorizeHttpRequests instead.
2025-10-01 09:42:42.001  INFO 9672 --- [main] o.s.s.web.DefaultSecurityFilterChain     : Will not secure Ant [pattern='/swagger-ui/**']
2025-10-01 09:42:42.323  INFO 9672 --- [main] o.s.s.web.DefaultSecurityFilterChain     : Will secure any request with [org.springframework.security.web.session.DisableEncodeUrlFilter@7bc3c59f, org.springframework.security.web.context.request.async.WebAsyncManagerIntegrationFilter@6db2a260, org.springframework.security.web.context.SecurityContextPersistenceFilter@488c6c98, org.springframework.security.web.header.HeaderWriterFilter@21399e53, org.springframework.security.web.authentication.logout.LogoutFilter@7d76d72a, br.com.tonypool.security.JwtSecurity@1454339d, org.springframework.security.web.savedrequest.RequestCacheAwareFilter@4402ed61, org.springframework.security.web.servletapi.SecurityContextHolderAwareRequestFilter@5cfa9e8a, org.springframework.security.web.authentication.AnonymousAuthenticationFilter@1df8e685, org.springframework.security.web.session.SessionManagementFilter@75aeec0a, org.springframework.security.web.access.ExceptionTranslationFilter@930911e, org.springframework.security.web.access.intercept.FilterSecurityInterceptor@341141ab]
2025-10-01 09:42:44.575  INFO 9672 --- [main] b.c.t.AtendimentosapiApplicationTests    : Started AtendimentosapiApplicationTests in 15.001 seconds (JVM running for 17.139)
2025-10-01 09:42:45.753  INFO 9672 --- [SpringApplicationShutdownHook] j.LocalContainerEntityManagerFactoryBean : Closing JPA EntityManagerFactory for persistence unit 'default'
2025-10-01 09:42:45.758  INFO 9672 --- [SpringApplicationShutdownHook] com.zaxxer.hikari.HikariDataSource       : HikariPool-1 - Shutdown initiated...
2025-10-01 09:42:45.792  INFO 9672 --- [SpringApplicationShutdownHook] com.zaxxer.hikari.HikariDataSource       : HikariPool-1 - Shutdown completed.
2025-10-01 09:45:30.620  INFO 17544 --- [main] b.c.tonypool.AtendimentosapiApplication  : Starting AtendimentosapiApplication using Java 17.0.12 on DESKTOP-HLR4AN3 with PID 17544 (C:\Users\tonyp\OneDrive\Documentos\curso_java\workspace\atendimentosapi\target\classes started by tonyp in C:\Users\tonyp\OneDrive\Documentos\curso_java\workspace\atendimentosapi)
2025-10-01 09:45:30.625  INFO 17544 --- [main] b.c.tonypool.AtendimentosapiApplication  : No active profile set, falling back to 1 default profile: "default"
2025-10-01 09:45:32.667  INFO 17544 --- [main] .s.d.r.c.RepositoryConfigurationDelegate : Bootstrapping Spring Data JPA repositories in DEFAULT mode.
2025-10-01 09:45:32.783  INFO 17544 --- [main] .s.d.r.c.RepositoryConfigurationDelegate : Finished Spring Data repository scanning in 101 ms. Found 6 JPA repository interfaces.
2025-10-01 09:45:33.623  INFO 17544 --- [main] o.s.b.w.embedded.tomcat.TomcatWebServer  : Tomcat initialized with port(s): 8080 (http)
2025-10-01 09:45:33.654  INFO 17544 --- [main] o.apache.catalina.core.StandardService   : Starting service [Tomcat]
2025-10-01 09:45:33.655  INFO 17544 --- [main] org.apache.catalina.core.StandardEngine  : Starting Servlet engine: [Apache Tomcat/9.0.63]
2025-10-01 09:45:33.867  INFO 17544 --- [main] o.a.c.c.C.[Tomcat].[localhost].[/]       : Initializing Spring embedded WebApplicationContext
2025-10-01 09:45:33.868  INFO 17544 --- [main] w.s.c.ServletWebServerApplicationContext : Root WebApplicationContext: initialization completed in 3149 ms
2025-10-01 09:45:34.287  INFO 17544 --- [main] o.hibernate.jpa.internal.util.LogHelper  : HHH000204: Processing PersistenceUnitInfo [name: default]
2025-10-01 09:45:34.376  INFO 17544 --- [main] org.hibernate.Version                    : HHH000412: Hibernate ORM core version 5.6.9.Final
2025-10-01 09:45:34.654  INFO 17544 --- [main] o.hibernate.annotations.common.Version   : HCANN000001: Hibernate Commons Annotations {5.1.2.Final}
2025-10-01 09:45:34.852  INFO 17544 --- [main] com.zaxxer.hikari.HikariDataSource       : HikariPool-1 - Starting...
2025-10-01 09:45:35.226  INFO 17544 --- [main] com.zaxxer.hikari.HikariDataSource       : HikariPool-1 - Start completed.
2025-10-01 09:45:35.272  INFO 17544 --- [main] org.hibernate.dialect.Dialect            : HHH000400: Using dialect: org.hibernate.dialect.PostgreSQLDialect
2025-10-01 09:45:36.903  INFO 17544 --- [main] o.h.e.t.j.p.i.JtaPlatformInitiator       : HHH000490: Using JtaPlatform implementation: [org.hibernate.engine.transaction.jta.platform.internal.NoJtaPlatform]
2025-10-01 09:45:36.921  INFO 17544 --- [main] j.LocalContainerEntityManagerFactoryBean : Initialized JPA EntityManagerFactory for persistence unit 'default'
2025-10-01 09:45:36.983  WARN 17544 --- [main] JpaBaseConfiguration$JpaWebConfiguration : spring.jpa.open-in-view is enabled by default. Therefore, database queries may be performed during view rendering. Explicitly configure spring.jpa.open-in-view to disable this warning
2025-10-01 09:45:38.492  WARN 17544 --- [main] .s.s.UserDetailsServiceAutoConfiguration : 

Using generated security password: c4ba6ba8-79e1-4a53-b729-7c8e2137440d

This generated password is for development use only. Your security configuration must be updated before running your application in production.

2025-10-01 09:45:38.603  WARN 17544 --- [main] o.s.s.c.a.web.builders.WebSecurity       : You are asking Spring Security to ignore Ant [pattern='/v2/api-docs']. This is not recommended -- please use permitAll via HttpSecurity#authorizeHttpRequests instead.
2025-10-01 09:45:38.604  INFO 17544 --- [main] o.s.s.web.DefaultSecurityFilterChain     : Will not secure Ant [pattern='/v2/api-docs']
2025-10-01 09:45:38.605  WARN 17544 --- [main] o.s.s.c.a.web.builders.WebSecurity       : You are asking Spring Security to ignore Ant [pattern='/swagger-resources']. This is not recommended -- please use permitAll via HttpSecurity#authorizeHttpRequests instead.
2025-10-01 09:45:38.606  INFO 17544 --- [main] o.s.s.web.DefaultSecurityFilterChain     : Will not secure Ant [pattern='/swagger-resources']
2025-10-01 09:45:38.606  WARN 17544 --- [main] o.s.s.c.a.web.builders.WebSecurity       : You are asking Spring Security to ignore Ant [pattern='/swagger-resources/**']. This is not recommended -- please use permitAll via HttpSecurity#authorizeHttpRequests instead.
2025-10-01 09:45:38.606  INFO 17544 --- [main] o.s.s.web.DefaultSecurityFilterChain     : Will not secure Ant [pattern='/swagger-resources/**']
2025-10-01 09:45:38.607  WARN 17544 --- [main] o.s.s.c.a.web.builders.WebSecurity       : You are asking Spring Security to ignore Ant [pattern='/configuration/ui']. This is not recommended -- please use permitAll via HttpSecurity#authorizeHttpRequests instead.
2025-10-01 09:45:38.607  INFO 17544 --- [main] o.s.s.web.DefaultSecurityFilterChain     : Will not secure Ant [pattern='/configuration/ui']
2025-10-01 09:45:38.607  WARN 17544 --- [main] o.s.s.c.a.web.builders.WebSecurity       : You are asking Spring Security to ignore Ant [pattern='/configuration/security']. This is not recommended -- please use permitAll via HttpSecurity#authorizeHttpRequests instead.
2025-10-01 09:45:38.607  INFO 17544 --- [main] o.s.s.web.DefaultSecurityFilterChain     : Will not secure Ant [pattern='/configuration/security']
2025-10-01 09:45:38.607  WARN 17544 --- [main] o.s.s.c.a.web.builders.WebSecurity       : You are asking Spring Security to ignore Ant [pattern='/swagger-ui.html']. This is not recommended -- please use permitAll via HttpSecurity#authorizeHttpRequests instead.
2025-10-01 09:45:38.608  INFO 17544 --- [main] o.s.s.web.DefaultSecurityFilterChain     : Will not secure Ant [pattern='/swagger-ui.html']
2025-10-01 09:45:38.608  WARN 17544 --- [main] o.s.s.c.a.web.builders.WebSecurity       : You are asking Spring Security to ignore Ant [pattern='/webjars/**']. This is not recommended -- please use permitAll via HttpSecurity#authorizeHttpRequests instead.
2025-10-01 09:45:38.609  INFO 17544 --- [main] o.s.s.web.DefaultSecurityFilterChain     : Will not secure Ant [pattern='/webjars/**']
2025-10-01 09:45:38.609  WARN 17544 --- [main] o.s.s.c.a.web.builders.WebSecurity       : You are asking Spring Security to ignore Ant [pattern='/v3/api-docs/**']. This is not recommended -- please use permitAll via HttpSecurity#authorizeHttpRequests instead.
2025-10-01 09:45:38.609  INFO 17544 --- [main] o.s.s.web.DefaultSecurityFilterChain     : Will not secure Ant [pattern='/v3/api-docs/**']
2025-10-01 09:45:38.609  WARN 17544 --- [main] o.s.s.c.a.web.builders.WebSecurity       : You are asking Spring Security to ignore Ant [pattern='/swagger-ui/**']. This is not recommended -- please use permitAll via HttpSecurity#authorizeHttpRequests instead.
2025-10-01 09:45:38.609  INFO 17544 --- [main] o.s.s.web.DefaultSecurityFilterChain     : Will not secure Ant [pattern='/swagger-ui/**']
2025-10-01 09:45:38.707  INFO 17544 --- [main] o.s.s.web.DefaultSecurityFilterChain     : Will secure any request with [org.springframework.security.web.session.DisableEncodeUrlFilter@722d3ddb, org.springframework.security.web.context.request.async.WebAsyncManagerIntegrationFilter@721fc228, org.springframework.security.web.context.SecurityContextPersistenceFilter@193c810, org.springframework.security.web.header.HeaderWriterFilter@29ebaf2f, org.springframework.security.web.authentication.logout.LogoutFilter@6f70015, br.com.tonypool.security.JwtSecurity@25b87e1b, org.springframework.security.web.savedrequest.RequestCacheAwareFilter@57edfa89, org.springframework.security.web.servletapi.SecurityContextHolderAwareRequestFilter@594965c9, org.springframework.security.web.authentication.AnonymousAuthenticationFilter@623a891d, org.springframework.security.web.session.SessionManagementFilter@dc24732, org.springframework.security.web.access.ExceptionTranslationFilter@2c02cf78, org.springframework.security.web.access.intercept.FilterSecurityInterceptor@434a2a10]
2025-10-01 09:45:39.138  INFO 17544 --- [main] o.s.b.w.embedded.tomcat.TomcatWebServer  : Tomcat started on port(s): 8080 (http) with context path ''
2025-10-01 09:45:39.561  INFO 17544 --- [main] b.c.tonypool.AtendimentosapiApplication  : Started AtendimentosapiApplication in 10.001 seconds (JVM running for 11.285)
2025-10-01 09:55:04.571  INFO 17544 --- [http-nio-8080-exec-2] o.a.c.c.C.[Tomcat].[localhost].[/]       : Initializing Spring DispatcherServlet 'dispatcherServlet'
2025-10-01 09:55:04.577  INFO 17544 --- [http-nio-8080-exec-2] o.s.web.servlet.DispatcherServlet        : Initializing Servlet 'dispatcherServlet'
2025-10-01 09:55:04.598  INFO 17544 --- [http-nio-8080-exec-2] o.s.web.servlet.DispatcherServlet        : Completed initialization in 21 ms
2025-10-01 09:55:20.151  INFO 17544 --- [http-nio-8080-exec-5] b.c.t.c.AcessarContaController           : [2FA] Secret do cliente para validação: idCliente=2, secret2FA=FTIGGMN77NNR4RCY
2025-10-01 09:55:20.161  INFO 17544 --- [http-nio-8080-exec-5] b.c.t.services.TwoFactorAuthService      : [2FA] Código TOTP esperado pelo backend para secret FTIGGMN77NNR4RCY: 143317 (horário atual)
2025-10-01 09:55:20.161  INFO 17544 --- [http-nio-8080-exec-5] b.c.t.services.TwoFactorAuthService      : [2FA] Verificando código recebido: 143317 para secret: FTIGGMN77NNR4RCY | Resultado: true
2025-10-01 09:55:20.217  INFO 17544 --- [http-nio-8080-exec-5] b.c.t.c.AcessarContaController           : [2FA] Código válido, token gerado para idCliente=2
2025-10-01 09:55:20.452  WARN 17544 --- [http-nio-8080-exec-7] o.a.c.util.SessionIdGeneratorBase        : Creation of SecureRandom instance for session ID generation using [SHA1PRNG] took [148] milliseconds.
2025-10-01 09:55:36.309  WARN 17544 --- [http-nio-8080-exec-7] o.s.web.servlet.PageNotFound             : No mapping for GET /api/profissionais-com-servicos
2025-10-01 10:04:20.455  INFO 17544 --- [RMI TCP Connection(23)-127.0.0.1] inMXBeanRegistrar$SpringApplicationAdmin : Application shutdown requested.
2025-10-01 10:04:20.525  INFO 17544 --- [RMI TCP Connection(23)-127.0.0.1] j.LocalContainerEntityManagerFactoryBean : Closing JPA EntityManagerFactory for persistence unit 'default'
2025-10-01 10:04:20.533  INFO 17544 --- [RMI TCP Connection(23)-127.0.0.1] com.zaxxer.hikari.HikariDataSource       : HikariPool-1 - Shutdown initiated...
2025-10-01 10:04:20.539  INFO 17544 --- [RMI TCP Connection(23)-127.0.0.1] com.zaxxer.hikari.HikariDataSource       : HikariPool-1 - Shutdown completed.
2025-10-01 10:04:52.041  INFO 15628 --- [main] b.c.tonypool.AtendimentosapiApplication  : Starting AtendimentosapiApplication using Java 17.0.12 on DESKTOP-HLR4AN3 with PID 15628 (C:\Users\tonyp\OneDrive\Documentos\curso_java\workspace\atendimentosapi\target\classes started by tonyp in C:\Users\tonyp\OneDrive\Documentos\curso_java\workspace\atendimentosapi)
2025-10-01 10:04:52.045  INFO 15628 --- [main] b.c.tonypool.AtendimentosapiApplication  : No active profile set, falling back to 1 default profile: "default"
2025-10-01 10:04:52.871  INFO 15628 --- [main] .s.d.r.c.RepositoryConfigurationDelegate : Bootstrapping Spring Data JPA repositories in DEFAULT mode.
2025-10-01 10:04:52.967  INFO 15628 --- [main] .s.d.r.c.RepositoryConfigurationDelegate : Finished Spring Data repository scanning in 84 ms. Found 6 JPA repository interfaces.
2025-10-01 10:04:53.578  INFO 15628 --- [main] o.s.b.w.embedded.tomcat.TomcatWebServer  : Tomcat initialized with port(s): 8080 (http)
2025-10-01 10:04:53.591  INFO 15628 --- [main] o.apache.catalina.core.StandardService   : Starting service [Tomcat]
2025-10-01 10:04:53.591  INFO 15628 --- [main] org.apache.catalina.core.StandardEngine  : Starting Servlet engine: [Apache Tomcat/9.0.63]
2025-10-01 10:04:53.721  INFO 15628 --- [main] o.a.c.c.C.[Tomcat].[localhost].[/]       : Initializing Spring embedded WebApplicationContext
2025-10-01 10:04:53.722  INFO 15628 --- [main] w.s.c.ServletWebServerApplicationContext : Root WebApplicationContext: initialization completed in 1623 ms
2025-10-01 10:04:53.945  INFO 15628 --- [main] o.hibernate.jpa.internal.util.LogHelper  : HHH000204: Processing PersistenceUnitInfo [name: default]
2025-10-01 10:04:54.019  INFO 15628 --- [main] org.hibernate.Version                    : HHH000412: Hibernate ORM core version 5.6.9.Final
2025-10-01 10:04:54.235  INFO 15628 --- [main] o.hibernate.annotations.common.Version   : HCANN000001: Hibernate Commons Annotations {5.1.2.Final}
2025-10-01 10:04:54.355  INFO 15628 --- [main] com.zaxxer.hikari.HikariDataSource       : HikariPool-1 - Starting...
2025-10-01 10:04:54.605  INFO 15628 --- [main] com.zaxxer.hikari.HikariDataSource       : HikariPool-1 - Start completed.
2025-10-01 10:04:54.631  INFO 15628 --- [main] org.hibernate.dialect.Dialect            : HHH000400: Using dialect: org.hibernate.dialect.PostgreSQLDialect
2025-10-01 10:04:55.523  INFO 15628 --- [main] o.h.e.t.j.p.i.JtaPlatformInitiator       : HHH000490: Using JtaPlatform implementation: [org.hibernate.engine.transaction.jta.platform.internal.NoJtaPlatform]
2025-10-01 10:04:55.535  INFO 15628 --- [main] j.LocalContainerEntityManagerFactoryBean : Initialized JPA EntityManagerFactory for persistence unit 'default'
2025-10-01 10:04:55.573  WARN 15628 --- [main] JpaBaseConfiguration$JpaWebConfiguration : spring.jpa.open-in-view is enabled by default. Therefore, database queries may be performed during view rendering. Explicitly configure spring.jpa.open-in-view to disable this warning
2025-10-01 10:04:56.452  WARN 15628 --- [main] .s.s.UserDetailsServiceAutoConfiguration : 

Using generated security password: edbe62a4-902a-4916-97a5-c6e83b311b43

This generated password is for development use only. Your security configuration must be updated before running your application in production.

2025-10-01 10:04:56.520  WARN 15628 --- [main] o.s.s.c.a.web.builders.WebSecurity       : You are asking Spring Security to ignore Ant [pattern='/v2/api-docs']. This is not recommended -- please use permitAll via HttpSecurity#authorizeHttpRequests instead.
2025-10-01 10:04:56.521  INFO 15628 --- [main] o.s.s.web.DefaultSecurityFilterChain     : Will not secure Ant [pattern='/v2/api-docs']
2025-10-01 10:04:56.522  WARN 15628 --- [main] o.s.s.c.a.web.builders.WebSecurity       : You are asking Spring Security to ignore Ant [pattern='/swagger-resources']. This is not recommended -- please use permitAll via HttpSecurity#authorizeHttpRequests instead.
2025-10-01 10:04:56.522  INFO 15628 --- [main] o.s.s.web.DefaultSecurityFilterChain     : Will not secure Ant [pattern='/swagger-resources']
2025-10-01 10:04:56.522  WARN 15628 --- [main] o.s.s.c.a.web.builders.WebSecurity       : You are asking Spring Security to ignore Ant [pattern='/swagger-resources/**']. This is not recommended -- please use permitAll via HttpSecurity#authorizeHttpRequests instead.
2025-10-01 10:04:56.523  INFO 15628 --- [main] o.s.s.web.DefaultSecurityFilterChain     : Will not secure Ant [pattern='/swagger-resources/**']
2025-10-01 10:04:56.523  WARN 15628 --- [main] o.s.s.c.a.web.builders.WebSecurity       : You are asking Spring Security to ignore Ant [pattern='/configuration/ui']. This is not recommended -- please use permitAll via HttpSecurity#authorizeHttpRequests instead.
2025-10-01 10:04:56.524  INFO 15628 --- [main] o.s.s.web.DefaultSecurityFilterChain     : Will not secure Ant [pattern='/configuration/ui']
2025-10-01 10:04:56.524  WARN 15628 --- [main] o.s.s.c.a.web.builders.WebSecurity       : You are asking Spring Security to ignore Ant [pattern='/configuration/security']. This is not recommended -- please use permitAll via HttpSecurity#authorizeHttpRequests instead.
2025-10-01 10:04:56.524  INFO 15628 --- [main] o.s.s.web.DefaultSecurityFilterChain     : Will not secure Ant [pattern='/configuration/security']
2025-10-01 10:04:56.524  WARN 15628 --- [main] o.s.s.c.a.web.builders.WebSecurity       : You are asking Spring Security to ignore Ant [pattern='/swagger-ui.html']. This is not recommended -- please use permitAll via HttpSecurity#authorizeHttpRequests instead.
2025-10-01 10:04:56.525  INFO 15628 --- [main] o.s.s.web.DefaultSecurityFilterChain     : Will not secure Ant [pattern='/swagger-ui.html']
2025-10-01 10:04:56.525  WARN 15628 --- [main] o.s.s.c.a.web.builders.WebSecurity       : You are asking Spring Security to ignore Ant [pattern='/webjars/**']. This is not recommended -- please use permitAll via HttpSecurity#authorizeHttpRequests instead.
2025-10-01 10:04:56.526  INFO 15628 --- [main] o.s.s.web.DefaultSecurityFilterChain     : Will not secure Ant [pattern='/webjars/**']
2025-10-01 10:04:56.526  WARN 15628 --- [main] o.s.s.c.a.web.builders.WebSecurity       : You are asking Spring Security to ignore Ant [pattern='/v3/api-docs/**']. This is not recommended -- please use permitAll via HttpSecurity#authorizeHttpRequests instead.
2025-10-01 10:04:56.526  INFO 15628 --- [main] o.s.s.web.DefaultSecurityFilterChain     : Will not secure Ant [pattern='/v3/api-docs/**']
2025-10-01 10:04:56.526  WARN 15628 --- [main] o.s.s.c.a.web.builders.WebSecurity       : You are asking Spring Security to ignore Ant [pattern='/swagger-ui/**']. This is not recommended -- please use permitAll via HttpSecurity#authorizeHttpRequests instead.
2025-10-01 10:04:56.527  INFO 15628 --- [main] o.s.s.web.DefaultSecurityFilterChain     : Will not secure Ant [pattern='/swagger-ui/**']
2025-10-01 10:04:56.579  INFO 15628 --- [main] o.s.s.web.DefaultSecurityFilterChain     : Will secure any request with [org.springframework.security.web.session.DisableEncodeUrlFilter@26d02dc6, org.springframework.security.web.context.request.async.WebAsyncManagerIntegrationFilter@24d7c365, org.springframework.security.web.context.SecurityContextPersistenceFilter@29ebaf2f, org.springframework.security.web.header.HeaderWriterFilter@29811d4d, org.springframework.security.web.authentication.logout.LogoutFilter@1013aa94, br.com.tonypool.security.JwtSecurity@26b150cd, org.springframework.security.web.savedrequest.RequestCacheAwareFilter@20a2930f, org.springframework.security.web.servletapi.SecurityContextHolderAwareRequestFilter@23e1f610, org.springframework.security.web.authentication.AnonymousAuthenticationFilter@62ff3028, org.springframework.security.web.session.SessionManagementFilter@28d37d43, org.springframework.security.web.access.ExceptionTranslationFilter@6ce24203, org.springframework.security.web.access.intercept.FilterSecurityInterceptor@83bbab]
2025-10-01 10:04:56.869  INFO 15628 --- [main] o.s.b.w.embedded.tomcat.TomcatWebServer  : Tomcat started on port(s): 8080 (http) with context path ''
2025-10-01 10:04:57.172  INFO 15628 --- [main] b.c.tonypool.AtendimentosapiApplication  : Started AtendimentosapiApplication in 5.532 seconds (JVM running for 6.196)
2025-10-01 10:06:12.718  INFO 15628 --- [http-nio-8080-exec-1] o.a.c.c.C.[Tomcat].[localhost].[/]       : Initializing Spring DispatcherServlet 'dispatcherServlet'
2025-10-01 10:06:12.718  INFO 15628 --- [http-nio-8080-exec-1] o.s.web.servlet.DispatcherServlet        : Initializing Servlet 'dispatcherServlet'
2025-10-01 10:06:12.722  INFO 15628 --- [http-nio-8080-exec-1] o.s.web.servlet.DispatcherServlet        : Completed initialization in 4 ms
2025-10-01 10:06:41.349  INFO 15628 --- [http-nio-8080-exec-4] b.c.t.c.AcessarContaController           : [2FA] Secret do cliente para validação: idCliente=2, secret2FA=FTIGGMN77NNR4RCY
2025-10-01 10:06:41.365  INFO 15628 --- [http-nio-8080-exec-4] b.c.t.services.TwoFactorAuthService      : [2FA] Código TOTP esperado pelo backend para secret FTIGGMN77NNR4RCY: 841823 (horário atual)
2025-10-01 10:06:41.366  INFO 15628 --- [http-nio-8080-exec-4] b.c.t.services.TwoFactorAuthService      : [2FA] Verificando código recebido: 841823 para secret: FTIGGMN77NNR4RCY | Resultado: true
2025-10-01 10:06:41.440  INFO 15628 --- [http-nio-8080-exec-4] b.c.t.c.AcessarContaController           : [2FA] Código válido, token gerado para idCliente=2
2025-10-01 10:06:41.650  WARN 15628 --- [http-nio-8080-exec-6] o.a.c.util.SessionIdGeneratorBase        : Creation of SecureRandom instance for session ID generation using [SHA1PRNG] took [141] milliseconds.
2025-10-01 10:16:12.171  INFO 15628 --- [RMI TCP Connection(15)-127.0.0.1] inMXBeanRegistrar$SpringApplicationAdmin : Application shutdown requested.
2025-10-01 10:16:12.367  INFO 15628 --- [RMI TCP Connection(15)-127.0.0.1] j.LocalContainerEntityManagerFactoryBean : Closing JPA EntityManagerFactory for persistence unit 'default'
2025-10-01 10:16:12.389  INFO 15628 --- [RMI TCP Connection(15)-127.0.0.1] com.zaxxer.hikari.HikariDataSource       : HikariPool-1 - Shutdown initiated...
2025-10-01 10:16:12.405  INFO 15628 --- [RMI TCP Connection(15)-127.0.0.1] com.zaxxer.hikari.HikariDataSource       : HikariPool-1 - Shutdown completed.
